# JRE version: Java(TM) SE Runtime Environment (8.0_131-b11) (build 1.8.0_131-b11)
# Java VM: Java HotSpot(TM) 64-Bit Server VM (25.131-b11 mixed mode windows-amd64 compressed oops)
Heap:
 PSYoungGen      total 282624K, used 153159K [0x00000000d5580000, 0x00000000edd00000, 0x0000000100000000)
  eden space 260608K, 58% used [0x00000000d5580000,0x00000000deb11e00,0x00000000e5400000)
  from space 22016K, 0% used [0x00000000e5400000,0x00000000e5400000,0x00000000e6980000)
  to   space 23552K, 0% used [0x00000000ec600000,0x00000000ec600000,0x00000000edd00000)
 ParOldGen       total 146944K, used 60411K [0x0000000080000000, 0x0000000088f80000, 0x00000000d5580000)
  object space 146944K, 41% used [0x0000000080000000,0x0000000083afefe8,0x0000000088f80000)
 Metaspace       used 65038K, capacity 66938K, committed 67072K, reserved 1107968K
  class space    used 8292K, capacity 8695K, committed 8704K, reserved 1048576K
GC Heap History (10 events):
Event: 10.701 GC heap before
{Heap before GC invocations=10 (full 2):
 PSYoungGen      total 202752K, used 13312K [0x00000000d5580000, 0x00000000e5000000, 0x0000000100000000)
  eden space 189440K, 0% used [0x00000000d5580000,0x00000000d5580000,0x00000000e0e80000)
  from space 13312K, 100% used [0x00000000e1d80000,0x00000000e2a80000,0x00000000e2a80000)
  to   space 15360K, 0% used [0x00000000e0e80000,0x00000000e0e80000,0x00000000e1d80000)
 ParOldGen       total 58368K, used 10567K [0x0000000080000000, 0x0000000083900000, 0x00000000d5580000)
  object space 58368K, 18% used [0x0000000080000000,0x0000000080a51c68,0x0000000083900000)
 Metaspace       used 34709K, capacity 35226K, committed 35456K, reserved 1079296K
  class space    used 4741K, capacity 4970K, committed 4992K, reserved 1048576K
Event: 10.914 GC heap after
Heap after GC invocations=10 (full 2):
 PSYoungGen      total 202752K, used 0K [0x00000000d5580000, 0x00000000e5000000, 0x0000000100000000)
  eden space 189440K, 0% used [0x00000000d5580000,0x00000000d5580000,0x00000000e0e80000)
  from space 13312K, 0% used [0x00000000e1d80000,0x00000000e1d80000,0x00000000e2a80000)
  to   space 15360K, 0% used [0x00000000e0e80000,0x00000000e0e80000,0x00000000e1d80000)
 ParOldGen       total 83968K, used 21202K [0x0000000080000000, 0x0000000085200000, 0x00000000d5580000)
  object space 83968K, 25% used [0x0000000080000000,0x00000000814b4918,0x0000000085200000)
 Metaspace       used 34709K, capacity 35226K, committed 35456K, reserved 1079296K
  class space    used 4741K, capacity 4970K, committed 4992K, reserved 1048576K
}
Event: 14.740 GC heap before
{Heap before GC invocations=11 (full 2):
 PSYoungGen      total 202752K, used 189440K [0x00000000d5580000, 0x00000000e5000000, 0x0000000100000000)
  eden space 189440K, 100% used [0x00000000d5580000,0x00000000e0e80000,0x00000000e0e80000)
  from space 13312K, 0% used [0x00000000e1d80000,0x00000000e1d80000,0x00000000e2a80000)
  to   space 15360K, 0% used [0x00000000e0e80000,0x00000000e0e80000,0x00000000e1d80000)
 ParOldGen       total 83968K, used 21202K [0x0000000080000000, 0x0000000085200000, 0x00000000d5580000)
  object space 83968K, 25% used [0x0000000080000000,0x00000000814b4918,0x0000000085200000)
 Metaspace       used 46965K, capacity 48212K, committed 48256K, reserved 1091584K
  class space    used 6421K, capacity 6748K, committed 6784K, reserved 1048576K
Event: 14.773 GC heap after
Heap after GC invocations=11 (full 2):
 PSYoungGen      total 204800K, used 15170K [0x00000000d5580000, 0x00000000e7a80000, 0x0000000100000000)
  eden space 189440K, 0% used [0x00000000d5580000,0x00000000d5580000,0x00000000e0e80000)
  from space 15360K, 98% used [0x00000000e0e80000,0x00000000e1d50a48,0x00000000e1d80000)
  to   space 17408K, 0% used [0x00000000e6980000,0x00000000e6980000,0x00000000e7a80000)
 ParOldGen       total 83968K, used 21210K [0x0000000080000000, 0x0000000085200000, 0x00000000d5580000)
  object space 83968K, 25% used [0x0000000080000000,0x00000000814b6918,0x0000000085200000)
 Metaspace       used 46965K, capacity 48212K, committed 48256K, reserved 1091584K
  class space    used 6421K, capacity 6748K, committed 6784K, reserved 1048576K
}
Event: 17.554 GC heap before
{Heap before GC invocations=12 (full 2):
 PSYoungGen      total 204800K, used 204610K [0x00000000d5580000, 0x00000000e7a80000, 0x0000000100000000)
  eden space 189440K, 100% used [0x00000000d5580000,0x00000000e0e80000,0x00000000e0e80000)
  from space 15360K, 98% used [0x00000000e0e80000,0x00000000e1d50a48,0x00000000e1d80000)
  to   space 17408K, 0% used [0x00000000e6980000,0x00000000e6980000,0x00000000e7a80000)
 ParOldGen       total 83968K, used 21210K [0x0000000080000000, 0x0000000085200000, 0x00000000d5580000)
  object space 83968K, 25% used [0x0000000080000000,0x00000000814b6918,0x0000000085200000)
 Metaspace       used 49247K, capacity 50834K, committed 51072K, reserved 1093632K
  class space    used 6705K, capacity 7031K, committed 7040K, reserved 1048576K
Event: 17.644 GC heap after
Heap after GC invocations=12 (full 2):
 PSYoungGen      total 278016K, used 17392K [0x00000000d5580000, 0x00000000e8080000, 0x0000000100000000)
  eden space 260608K, 0% used [0x00000000d5580000,0x00000000d5580000,0x00000000e5400000)
  from space 17408K, 99% used [0x00000000e6980000,0x00000000e7a7c208,0x00000000e7a80000)
  to   space 22016K, 0% used [0x00000000e5400000,0x00000000e5400000,0x00000000e6980000)
 ParOldGen       total 83968K, used 28159K [0x0000000080000000, 0x0000000085200000, 0x00000000d5580000)
  object space 83968K, 33% used [0x0000000080000000,0x0000000081b7fe40,0x0000000085200000)
 Metaspace       used 49247K, capacity 50834K, committed 51072K, reserved 1093632K
  class space    used 6705K, capacity 7031K, committed 7040K, reserved 1048576K
}
Event: 22.609 GC heap before
{Heap before GC invocations=13 (full 2):
 PSYoungGen      total 278016K, used 236718K [0x00000000d5580000, 0x00000000e8080000, 0x0000000100000000)
  eden space 260608K, 84% used [0x00000000d5580000,0x00000000e2baf8d0,0x00000000e5400000)
  from space 17408K, 99% used [0x00000000e6980000,0x00000000e7a7c208,0x00000000e7a80000)
  to   space 22016K, 0% used [0x00000000e5400000,0x00000000e5400000,0x00000000e6980000)
 ParOldGen       total 83968K, used 28159K [0x0000000080000000, 0x0000000085200000, 0x00000000d5580000)
  object space 83968K, 33% used [0x0000000080000000,0x0000000081b7fe40,0x0000000085200000)
 Metaspace       used 57191K, capacity 58970K, committed 59096K, reserved 1099776K
  class space    used 7629K, capacity 8025K, committed 8064K, reserved 1048576K
Event: 22.690 GC heap after
Heap after GC invocations=13 (full 2):
 PSYoungGen      total 282624K, used 17691K [0x00000000d5580000, 0x00000000edd00000, 0x0000000100000000)
  eden space 260608K, 0% used [0x00000000d5580000,0x00000000d5580000,0x00000000e5400000)
  from space 22016K, 80% used [0x00000000e5400000,0x00000000e6546d28,0x00000000e6980000)
  to   space 23552K, 0% used [0x00000000ec600000,0x00000000ec600000,0x00000000edd00000)
 ParOldGen       total 83968K, used 45548K [0x0000000080000000, 0x0000000085200000, 0x00000000d5580000)
  object space 83968K, 54% used [0x0000000080000000,0x0000000082c7b230,0x0000000085200000)
 Metaspace       used 57191K, capacity 58970K, committed 59096K, reserved 1099776K
  class space    used 7629K, capacity 8025K, committed 8064K, reserved 1048576K
}
Event: 22.690 GC heap before
{Heap before GC invocations=14 (full 3):
 PSYoungGen      total 282624K, used 17691K [0x00000000d5580000, 0x00000000edd00000, 0x0000000100000000)
  eden space 260608K, 0% used [0x00000000d5580000,0x00000000d5580000,0x00000000e5400000)
  from space 22016K, 80% used [0x00000000e5400000,0x00000000e6546d28,0x00000000e6980000)
  to   space 23552K, 0% used [0x00000000ec600000,0x00000000ec600000,0x00000000edd00000)
 ParOldGen       total 83968K, used 45548K [0x0000000080000000, 0x0000000085200000, 0x00000000d5580000)
  object space 83968K, 54% used [0x0000000080000000,0x0000000082c7b230,0x0000000085200000)
 Metaspace       used 57191K, capacity 58970K, committed 59096K, reserved 1099776K
  class space    used 7629K, capacity 8025K, committed 8064K, reserved 1048576K
Event: 23.361 GC heap after
Heap after GC invocations=14 (full 3):
 PSYoungGen      total 282624K, used 0K [0x00000000d5580000, 0x00000000edd00000, 0x0000000100000000)
  eden space 260608K, 0% used [0x00000000d5580000,0x00000000d5580000,0x00000000e5400000)
  from space 22016K, 0% used [0x00000000e5400000,0x00000000e5400000,0x00000000e6980000)
  to   space 23552K, 0% used [0x00000000ec600000,0x00000000ec600000,0x00000000edd00000)
 ParOldGen       total 146944K, used 60411K [0x0000000080000000, 0x0000000088f80000, 0x00000000d5580000)
  object space 146944K, 41% used [0x0000000080000000,0x0000000083afefe8,0x0000000088f80000)
 Metaspace       used 57191K, capacity 58970K, committed 59096K, reserved 1099776K
  class space    used 7629K, capacity 8025K, committed 8064K, reserved 1048576K
}

